0 info it worked if it ends with ok
1 verbose cli [ '/usr/local/Cellar/node/5.7.0/bin/node',
1 verbose cli   '/usr/local/bin/npm',
1 verbose cli   'run',
1 verbose cli   'eslintautofix' ]
2 info using npm@3.6.0
3 info using node@v5.7.0
4 verbose run-script [ 'preeslintautofix', 'eslintautofix', 'posteslintautofix' ]
5 info lifecycle livia@0.6.23~preeslintautofix: livia@0.6.23
6 silly lifecycle livia@0.6.23~preeslintautofix: no script for preeslintautofix, continuing
7 info lifecycle livia@0.6.23~eslintautofix: livia@0.6.23
8 verbose lifecycle livia@0.6.23~eslintautofix: unsafe-perm in lifecycle true
9 verbose lifecycle livia@0.6.23~eslintautofix: PATH: /usr/local/lib/node_modules/npm/bin/node-gyp-bin:/Users/seeden/Documents/git/livia/node_modules/.bin:/usr/local/bin:/usr/bin:/bin:/usr/sbin:/sbin:/Users/seeden/opera/vektor/bin:/opt/X11/bin:/usr/local/git/bin:/Users/seeden/opera/vektor::/Users/seeden/opera/vektor/bin
10 verbose lifecycle livia@0.6.23~eslintautofix: CWD: /Users/seeden/Documents/git/livia
11 silly lifecycle livia@0.6.23~eslintautofix: Args: [ '-c',
11 silly lifecycle   'node ./node_modules/eslint/bin/eslint.js --fix --ext .js,.jsx ./src' ]
12 silly lifecycle livia@0.6.23~eslintautofix: Returned: code: 1  signal: null
13 info lifecycle livia@0.6.23~eslintautofix: Failed to exec eslintautofix script
14 verbose stack Error: livia@0.6.23 eslintautofix: `node ./node_modules/eslint/bin/eslint.js --fix --ext .js,.jsx ./src`
14 verbose stack Exit status 1
14 verbose stack     at EventEmitter.<anonymous> (/usr/local/lib/node_modules/npm/lib/utils/lifecycle.js:232:16)
14 verbose stack     at emitTwo (events.js:100:13)
14 verbose stack     at EventEmitter.emit (events.js:185:7)
14 verbose stack     at ChildProcess.<anonymous> (/usr/local/lib/node_modules/npm/lib/utils/spawn.js:24:14)
14 verbose stack     at emitTwo (events.js:100:13)
14 verbose stack     at ChildProcess.emit (events.js:185:7)
14 verbose stack     at maybeClose (internal/child_process.js:827:16)
14 verbose stack     at Process.ChildProcess._handle.onexit (internal/child_process.js:211:5)
15 verbose pkgid livia@0.6.23
16 verbose cwd /Users/seeden/Documents/git/livia
17 error Darwin 15.3.0
18 error argv "/usr/local/Cellar/node/5.7.0/bin/node" "/usr/local/bin/npm" "run" "eslintautofix"
19 error node v5.7.0
20 error npm  v3.6.0
21 error code ELIFECYCLE
22 error livia@0.6.23 eslintautofix: `node ./node_modules/eslint/bin/eslint.js --fix --ext .js,.jsx ./src`
22 error Exit status 1
23 error Failed at the livia@0.6.23 eslintautofix script 'node ./node_modules/eslint/bin/eslint.js --fix --ext .js,.jsx ./src'.
23 error Make sure you have the latest version of node.js and npm installed.
23 error If you do, this is most likely a problem with the livia package,
23 error not with npm itself.
23 error Tell the author that this fails on your system:
23 error     node ./node_modules/eslint/bin/eslint.js --fix --ext .js,.jsx ./src
23 error You can get information on how to open an issue for this project with:
23 error     npm bugs livia
23 error Or if that isn't available, you can get their info via:
23 error     npm owner ls livia
23 error There is likely additional logging output above.
24 verbose exit [ 1, true ]
